<?xml version="1.0" encoding="UTF-8"?>
<!-- Generated by org.testng.reporters.JUnitXMLReporter -->
<testsuite ignored="0" hostname="RAJA" failures="0" tests="4" name="AmazonTest_02" time="50.285" errors="0" timestamp="2021-08-24T14:28:41 IST">
  <testcase classname="com.qa.testscripts.TC_AmazonSearch_01" name="SearchItem" time="9.364"/>
  <testcase classname="com.qa.testscripts.TC_AmazonSearch_01" name="SearchItem" time="9.905"/>
  <testcase classname="com.qa.testscripts.TC_AmazonSearch_01" name="SearchItem" time="9.768"/>
  <testcase classname="com.qa.testscripts.TC_AmazonSearch_01" name="SearchItem" time="8.852"/>
</testsuite> <!-- AmazonTest_02 -->
