<?xml version="1.0" encoding="UTF-8"?>
<!-- Generated by org.testng.reporters.JUnitXMLReporter -->
<testsuite ignored="0" hostname="RAJA" failures="0" tests="4" name="AmazonTest_03" time="50.266" errors="0" timestamp="2021-08-24T14:28:41 IST">
  <testcase classname="com.qa.testscripts.TC_AmazonSearch_01" name="SearchItem" time="9.388"/>
  <testcase classname="com.qa.testscripts.TC_AmazonSearch_01" name="SearchItem" time="9.858"/>
  <testcase classname="com.qa.testscripts.TC_AmazonSearch_01" name="SearchItem" time="9.435"/>
  <testcase classname="com.qa.testscripts.TC_AmazonSearch_01" name="SearchItem" time="9.223"/>
</testsuite> <!-- AmazonTest_03 -->
