<?xml version="1.0" encoding="UTF-8"?>
<!-- Generated by org.testng.reporters.JUnitXMLReporter -->
<testsuite ignored="0" hostname="RAJA" failures="0" tests="5" name="GoogleTest_02" time="53.496" errors="0" timestamp="2021-08-24T13:46:25 IST">
  <testcase classname="com.qa.testscripts.TC_GoogleSearchItem_01" name="SearchItem" time="8.943"/>
  <testcase classname="com.qa.testscripts.TC_GoogleSearchItem_01" name="SearchItem" time="8.294"/>
  <testcase classname="com.qa.testscripts.TC_GoogleSearchItem_01" name="SearchItem" time="11.188"/>
  <testcase classname="com.qa.testscripts.TC_GoogleSearchItem_01" name="SearchItem" time="7.307"/>
  <testcase classname="com.qa.testscripts.TC_GoogleSearchItem_01" name="SearchItem" time="7.278"/>
</testsuite> <!-- GoogleTest_02 -->
