<?xml version="1.0" encoding="UTF-8"?>
<!-- Generated by org.testng.reporters.JUnitXMLReporter -->
<testsuite ignored="0" hostname="RAJA" failures="0" tests="5" name="GoogleTest_03" time="52.931" errors="0" timestamp="2021-08-24T13:46:25 IST">
  <testcase classname="com.qa.testscripts.TC_GoogleSearchItem_01" name="SearchItem" time="8.851"/>
  <testcase classname="com.qa.testscripts.TC_GoogleSearchItem_01" name="SearchItem" time="8.219"/>
  <testcase classname="com.qa.testscripts.TC_GoogleSearchItem_01" name="SearchItem" time="10.543"/>
  <testcase classname="com.qa.testscripts.TC_GoogleSearchItem_01" name="SearchItem" time="7.384"/>
  <testcase classname="com.qa.testscripts.TC_GoogleSearchItem_01" name="SearchItem" time="7.449"/>
</testsuite> <!-- GoogleTest_03 -->
