<?xml version="1.0" encoding="UTF-8"?>
<!-- Generated by org.testng.reporters.JUnitXMLReporter -->
<testsuite ignored="0" hostname="RAJA" failures="0" tests="3" name="AmazonTest_01" time="0.16" errors="0" timestamp="2021-08-24T10:47:55 IST">
  <testcase classname="com.qa.testscripts.TC_GoogleSearchItem_01" name="@BeforeClass setup" time="0.077">
    <failure type="java.lang.IllegalStateException" message="The path to the driver executable must be set by the webdriver.ie.driver system property; for more information, see https://github.com/SeleniumHQ/selenium/wiki/InternetExplorerDriver. The latest version can be downloaded from http://selenium-release.storage.googleapis.com/index.html">
      <![CDATA[java.lang.IllegalStateException: The path to the driver executable must be set by the webdriver.ie.driver system property; for more information, see https://github.com/SeleniumHQ/selenium/wiki/InternetExplorerDriver. The latest version can be downloaded from http://selenium-release.storage.googleapis.com/index.html
at com.google.common.base.Preconditions.checkState(Preconditions.java:847)
at org.openqa.selenium.remote.service.DriverService.findExecutable(DriverService.java:134)
at org.openqa.selenium.ie.InternetExplorerDriverService.access$000(InternetExplorerDriverService.java:35)
at org.openqa.selenium.ie.InternetExplorerDriverService$Builder.findDefaultExecutable(InternetExplorerDriverService.java:175)
at org.openqa.selenium.remote.service.DriverService$Builder.build(DriverService.java:355)
at org.openqa.selenium.ie.InternetExplorerDriver.setupService(InternetExplorerDriver.java:281)
at org.openqa.selenium.ie.InternetExplorerDriver.<init>(InternetExplorerDriver.java:211)
at org.openqa.selenium.ie.InternetExplorerDriver.<init>(InternetExplorerDriver.java:150)
at com.qa.testscripts.TC_GoogleSearchItem_01.setup(TC_GoogleSearchItem_01.java:30)
at java.base/java.util.ArrayList.forEach(ArrayList.java:1510)
at java.base/java.util.concurrent.FutureTask.run(FutureTask.java:264)
at java.base/java.util.concurrent.ThreadPoolExecutor.runWorker(ThreadPoolExecutor.java:1130)
at java.base/java.util.concurrent.ThreadPoolExecutor$Worker.run(ThreadPoolExecutor.java:630)
at java.base/java.lang.Thread.run(Thread.java:832)
... Removed 16 stack frames]]>
    </failure>
  </testcase> <!-- @BeforeClass setup -->
  <testcase classname="com.qa.testscripts.TC_GoogleSearchItem_01" name="@AfterClass TearDown" time="-1.629782275142E9">
    <skipped/>
  </testcase> <!-- @AfterClass TearDown -->
  <testcase classname="com.qa.testscripts.TC_GoogleSearchItem_01" name="SearchItem" time="0.0">
    <skipped/>
  </testcase> <!-- SearchItem -->
  <testcase classname="com.qa.testscripts.TC_GoogleSearchItem_01" name="SearchItem" time="0.0">
    <skipped/>
  </testcase> <!-- SearchItem -->
  <testcase classname="com.qa.testscripts.TC_GoogleSearchItem_01" name="SearchItem" time="0.0">
    <skipped/>
  </testcase> <!-- SearchItem -->
</testsuite> <!-- AmazonTest_01 -->
