<?xml version="1.0" encoding="UTF-8"?>
<!-- Generated by org.testng.reporters.JUnitXMLReporter -->
<testsuite ignored="0" hostname="RAJA" failures="0" tests="4" name="OrangeTest_01" time="107.847" errors="0" timestamp="2021-09-25T19:53:43 IST">
  <testcase classname="com.qa.testscripts.TC_AmazonSearch_01" name="SearchItem" time="11.973"/>
  <testcase classname="com.qa.testscripts.TC_AmazonSearch_01" name="SearchItem" time="11.377"/>
  <testcase classname="com.qa.testscripts.TC_AmazonSearch_01" name="SearchItem" time="11.002"/>
  <testcase classname="com.qa.testscripts.TC_AmazonSearch_01" name="SearchItem" time="12.439"/>
</testsuite> <!-- OrangeTest_01 -->
