<?xml version="1.0" encoding="UTF-8"?>
<testng-results ignored="0" total="4" passed="4" failed="0" skipped="0">
  <reporter-output>
    <line>
      <![CDATA[Vikingsis searched]]>
    </line>
    <line>
      <![CDATA[The Viking World (Routledge Worlds)]]>
    </line>
    <line>
      <![CDATA[A Brief History of the Vikings (Brief Histories)]]>
    </line>
    <line>
      <![CDATA[Viking: A historical fiction adventure (Viking Ventures Book 1)]]>
    </line>
    <line>
      <![CDATA[Viking Blood and Blade]]>
    </line>
    <line>
      <![CDATA[The Viking Saga (A Puffin Book)]]>
    </line>
    <line>
      <![CDATA[Vicious Vikings (Horrible Histories)]]>
    </line>
    <line>
      <![CDATA[The Saxons and Vikings (History of Britain S.)]]>
    </line>
    <line>
      <![CDATA[The Pirate Bride: 11 (Viking I)]]>
    </line>
    <line>
      <![CDATA[Viking Economics: How the Scandinavians Got It Right-and How We Can, Too]]>
    </line>
    <line>
      <![CDATA[The Invention of Russia: From Gorbachev's Freedom to Putin's War]]>
    </line>
    <line>
      <![CDATA[The Vikings: Voyagers of Discovery and Plunder (General Military)]]>
    </line>
    <line>
      <![CDATA[Vikings: A Nonfiction Companion to Magic Tree House #15: Viking Ships at Sunrise: 33 (Magic Tree House (R) Fact Tracker)]]>
    </line>
    <line>
      <![CDATA[NORSE MYTHOLOGY: The Viking History Explained Simply. Fascinating Timeless Tales of Treasure and Magic, Ice Giants and Dwarves who have Inspired so much Modern Fiction]]>
    </line>
    <line>
      <![CDATA[Viking Raid: A Robert Fairchild Novel]]>
    </line>
    <line>
      <![CDATA[Viking Ships at Sunrise: 15 (Magic Tree House (R))]]>
    </line>
    <line>
      <![CDATA[ASTERIX AND THE VIKINGS : THE BOOK OF THE FILM]]>
    </line>
    <line>
      <![CDATA[The Treasure of the Viking Ship (Thea Stilton)]]>
    </line>
    <line>
      <![CDATA[Magic Tree House : Voyage of the Vikings]]>
    </line>
    <line>
      <![CDATA[Loki Ascending: 3 (Viking Warriors)]]>
    </line>
    <line>
      <![CDATA[Viking Town (Spectacular Visual Guides)]]>
    </line>
    <line>
      <![CDATA[Da vinci codeis searched]]>
    </line>
    <line>
      <![CDATA[The Mozart Conspiracy: Book 2 (Ben Hope)]]>
    </line>
    <line>
      <![CDATA[Attitude Is Everything: Change Your Attitude ... Change Your Life!]]>
    </line>
    <line>
      <![CDATA[The Da Vinci Code: (Robert Langdon Book 2)]]>
    </line>
    <line>
      <![CDATA[The Da Vinci Code (Abridged Edition)]]>
    </line>
    <line>
      <![CDATA[The Da Vinci Code]]>
    </line>
    <line>
      <![CDATA[DA VINCI CODE]]>
    </line>
    <line>
      <![CDATA[The Da Vinci Code: A Novel: 2 (Robert Langdon)]]>
    </line>
    <line>
      <![CDATA[The Da Vinci Code]]>
    </line>
    <line>
      <![CDATA[Davinci Code]]>
    </line>
    <line>
      <![CDATA[Cracking the Da Vinci Code: The Unauthorized Guide to the Facts Behind the Fiction]]>
    </line>
    <line>
      <![CDATA[The Complete Novels of Sherlock Holmes]]>
    </line>
    <line>
      <![CDATA[Namaha - Stories From The Land Of Gods And Goddesses: Illustrated Stories Hardcover Edition Special Print]]>
    </line>
    <line>
      <![CDATA[The da Vinci code]]>
    </line>
    <line>
      <![CDATA[Beyond Da Vinci Code: Pt. 3: Toward the Social Rejuvenation of Humankind, Understanding the Prevailing Capitalism as a Cult of Anti-christianity ... Capitalism as a Cult of Anti-christianity)]]>
    </line>
    <line>
      <![CDATA[Beyond Da Vinci Code: Pt. 2: Toward the Social Rejuvenation of Humankind, Understanding the Prevailing Capitalism as a Cult of Anti-christianity ... Capitalism as a Cult of Anti-christianity)]]>
    </line>
    <line>
      <![CDATA[Angels and Demons + The Da Vinci Code]]>
    </line>
    <line>
      <![CDATA[The Robert Langdon Collection by Dan Brown: Inferno/The Lost Symbol/The Da Vinci Code/Angels & Demons]]>
    </line>
    <line>
      <![CDATA[The Da Vinci Code: (Robert Langdon Book 2)+Angels and Demons: (Robert Langdon Book 1)+Deception Point(Set of 3books)]]>
    </line>
    <line>
      <![CDATA[Robert Langdon Series Collection 7 Books Set By Dan Brown (Angels And Demons, The Da Vinci Code, The Lost Symbol, Inferno, Origin, Digital Fortress, Deception Point)]]>
    </line>
    <line>
      <![CDATA[The Da Vinci Code: (Robert Langdon Book 2)+Digital Fortress(Set of 2books)]]>
    </line>
    <line>
      <![CDATA[World’s Greatest Classics (Box Set of 4 Books)]]>
    </line>
    <line>
      <![CDATA[1984 (Deluxe Hardbound Edition)]]>
    </line>
    <line>
      <![CDATA[Modemis searched]]>
    </line>
    <line>
      <![CDATA[TP-Link TL-WA801N 300 Mbps Wireless N Access Point, Multi-SSID Mode, Supports Passive PoE, Two Fixed Antennas]]>
    </line>
    <line>
      <![CDATA[PowerFills Pro - 12V,2A and 9V,2A Dual Voltage UPS for WiFi Router, Broadband Modem, CCTV]]>
    </line>
    <line>
      <![CDATA[TP-LINK TD-W8961N Wireless N300 ADSL2+ Wi-Fi Modem Router, 2x 5dBi Omni directional Fixed antennas, Input ISPs supported- BSNL, MTNL, Tata Indicom (RJ-11 Port)]]>
    </line>
    <line>
      <![CDATA[TP-Link Archer AC1200 Archer C6 Wi-Fi Speed Up to 867 Mbps/5 GHz + 300 Mbps/2.4 GHz, 5 Gigabit Ports, 4 External Antennas and 1 Internal Antenna WiFi Coverage with Access Point Mode, Qualcomm Chipset]]>
    </line>
    <line>
      <![CDATA[TP-Link Archer C50 AC1200 Dual Band Wireless Cable Router, Wi-Fi Speed Up to 867 Mbps/5 GHz + 300 Mbps/2.4 GHz, Supports Parental Control, Guest Wi-Fi, VPN]]>
    </line>
    <line>
      <![CDATA[Netlink WiFi Modem Dual Antenna with Voice GPON/EPON HG323RGW ONT This ONU is Compatible for BSNL ftth 300 Mbps Wireless Speed 1GE+1FE+1POTS+WiFi]]>
    </line>
    <line>
      <![CDATA[Airtel AMF-311WW Data Card (Black), 4g Hotspot Support with 2300 Mah Battery]]>
    </line>
    <line>
      <![CDATA[Artis AR-MINIDC-3 Mini UPS for WiFi Router/Modem/CCTV/Set top Box/POE Devices. 8800mAh Battery. Supports 9V/12V-1A/1.5A/2A Routers. USB Port Phone Charging.Battery Level Indicator. BIS Certified]]>
    </line>
    <line>
      <![CDATA[D-Link DIR-650IN Wireless N300 Router with 4 Antennas, Router |AP | Repeater | Client | WISP Client/Repeater Modes]]>
    </line>
    <line>
      <![CDATA[PowerFills Pro - 12V,2A and 9V,2A Dual Voltage UPS for WiFi Router, Broadband Modem, CCTV]]>
    </line>
    <line>
      <![CDATA[Enter USB Modem Tri Band 150Mbps 4G LTE Dongle, Stick Data Card 2G/3G/4G All Sim Support]]>
    </line>
    <line>
      <![CDATA[TP-LINK TL-WN821N 300 MBPS WiFi WI-FI Wireless N USB Adapter, MIMO Technology, WPS Button, Supports Windows 10/8.1/8/7/XP, Mac OS, Linux, Easy Setup]]>
    </line>
    <line>
      <![CDATA[Cuzor Mini UPS for 12V 2.5A Wi-Fi Router and Modem | Replaceable Battery | Power Backup up to 4 Hours | Supports UP to 2.5a| Jio and Airtel Xtreme Compatible]]>
    </line>
    <line>
      <![CDATA[STORME RouterBuddy 12V UPS for WiFi Routers and Broadband Modem (12V=1A) - Not for Jio/Nokia Routers or 12V-1.5A / 12V-2A Routers]]>
    </line>
    <line>
      <![CDATA[Coconut WUD04 4G Dongle with All sim Support | 4g Data Card with WiFi Hotspot | Fast 4g WiFi dongle]]>
    </line>
    <line>
      <![CDATA[Zebronics ZEB-CU5013 Portable CFL UPS(Black)]]>
    </line>
    <line>
      <![CDATA[TechSuprem 12V 1Amp Dual Pin DC Power Adapter, 120W Charger for SMPS, CCTV Camera, Wi-Fi, Modem, TV, Led Lights - (Input:100-240V 50/60Hz, Output:12 Volt 1 Amps) (Set of 1)]]>
    </line>
    <line>
      <![CDATA[Cuzor Mini UPS for 12V Wi-Fi Router and Modem | Replaceable Battery | Power Backup up to 4 Hours | Supports All (12V-2A) (12V-1.5A)(12V-1A) | Auto Cut Off Support]]>
    </line>
    <line>
      <![CDATA[Tenda AC10 AC1200 Wireless Smart Dual-Band Gigabit WiFi Router, MU-MIMO, 4 Gigabit Ports, 867Mbps/5 GHz+ 300Mbps /2.4GHz, Support VPN Server, WiFi Schedule, (Black, Not a Modem)]]>
    </line>
    <line>
      <![CDATA[Luminous LMU1202, 12V/25W, Micro DC UPS for WiFi Modem & Router, Power Backup & Protection]]>
    </line>
    <line>
      <![CDATA[D-Link DSL-2730U Wireless-N 150 ADSL2+ 4-Port Router (Black), Works with RJ-11(Telephone Line Internet) of BSNL & MTNL]]>
    </line>
    <line>
      <![CDATA[D-Link DIR-825 MU-MIMO Gigabit Wireless Router, Dual Band, 1200 Mbps Wi-Fi Speed, 5 Gigabit Port, 4 External Antenna, Router | Access Point |Repeater Mode]]>
    </line>
    <line>
      <![CDATA[Mi Smart Router 4C, 300 Mbps with 4 high-Performance Antenna & App Control]]>
    </line>
    <line>
      <![CDATA[TP-Link Archer C60 AC1350 Dual Band Wireless, Wi-Fi Speed Up to 867 Mbps/5 GHz + 300 Mbps/2.4 GHz, Supports Parental Control, Guest WiFi, MU-MIMO Router, Qualcomm Chipset]]>
    </line>
    <line>
      <![CDATA[D-Link DSL-2750U Wireless-N 300 ADSL2/2+ 4-Port Router , RJ-11 Internet port.(Works with Telephone Line of BSNL & MTNL)]]>
    </line>
    <line>
      <![CDATA[Tenda N301 Wireless-N300 Easy Setup Router (White, Not a Modem)]]>
    </line>
    <line>
      <![CDATA[SYROTECH NETWORKS LTD. EPON Optical Network Unit with 1 GE port]]>
    </line>
    <line>
      <![CDATA[Coconut WUD04 4G Dongle with All sim Support | 4g Data Card with WiFi Hotspot | Fast 4g WiFi dongle]]>
    </line>
    <line>
      <![CDATA[AmazonBasics DHMSA Adjustable Monitor Stand]]>
    </line>
    <line>
      <![CDATA[TP-LINK TL-PoE150S PoE Injector Adapter, IEEE 802.3af Compliant, up to 100 Meters (325 Feet),Gigabit -10/100/1000,Black]]>
    </line>
    <line>
      <![CDATA[screen recorder is not searched]]>
    </line>
    <line>
      <![CDATA[Fast Screen Recorder - 1 PC, 1 Year (Email Delivery in 24 hours - No CD)]]>
    </line>
    <line>
      <![CDATA[Malnadkart.Online CyberLink Screen Recorder Deluxe 2021 Lifetime Value Free, [Software was Inside the 4 GB SD Card (Black) Worth of 285/-] Only SD Card Delivery (NO DVD/CD) - PC Full Software]]>
    </line>
    <line>
      <![CDATA[Malnadkart.Online Apowersoft Screen Recorder, Lifetime Value Free, [Software was Inside the 4GB Flash Micro SD Card (Black) - Worth of 285/-] Only SD Card Delivery (NO DVD/CD) - PC Full Software]]>
    </line>
    <line>
      <![CDATA[Tunes Screen Recorder Video & Audio Full HD (E-mail-Delivery No-CD-Rom)]]>
    </line>
    <line>
      <![CDATA[Fast Video Downloader - 1 PC, 1 Year (Email Delivery in 24 hours - No CD)]]>
    </line>
    <line>
      <![CDATA[Screen Recorder : best Screen Recorder with audio]]>
    </line>
    <line>
      <![CDATA[Screen Recorder]]>
    </line>
    <line>
      <![CDATA[Screen Recorder]]>
    </line>
    <line>
      <![CDATA[Screen Recorder]]>
    </line>
    <line>
      <![CDATA[Screen Recorder : Video Recorder 𝐰𝐢𝐭𝐡 𝐚𝐮𝐝𝐢𝐨, Screen Record,game recording no ADS No Watermark]]>
    </line>
    <line>
      <![CDATA[7SEVEN 4K HDMI Screen Capture Recorder for Laptop PC TV Set TOP Box DSLR Camcorder to Live SREAMING Gaming Teaching Video Conference Live Broadcasting Support USB 3.0 with Audio 3.5mm & HD Loop Out]]>
    </line>
    <line>
      <![CDATA[Abooza Portable 2.5 Inch Colorful Hd Screen Dvr Vehicle Camera Video Recorder]]>
    </line>
    <line>
      <![CDATA[7SEVEN 4K HDMI Screen Capture Recorder for Laptop PC TV Android Box Set TOP Box DSLR Camcorder to Live SREAMING Gaming Teaching Video Conference Live Broadcasting Support USB 3.0 with HD Loop Out]]>
    </line>
    <line>
      <![CDATA[Procus Iris Car Dash Camera, FHD 1080P, 2" LCD Screen Video Recorder, 120° Wide Angle Lens, G-Sensor, Motion Detector, Loop Recorder, Expandable Upto 32GB]]>
    </line>
    <line>
      <![CDATA[Apeman Car Dash Cam 1080P FHD DVR Car Driving Recorder 3-inch LCD Screen 170 Degree Wide Angle, G-Sensor, WDR, Parking Monitor, Loop Recording, Motion Detection]]>
    </line>
    <line>
      <![CDATA[SAFE CAMS D101 Full HD Car Driving Video Recorder with 3'' LCD Screen, 170 Degree Wide Angle Lens, G-Sensor and 32GB SD Card Now Included]]>
    </line>
    <line>
      <![CDATA[BLESSBE Kids Digital Camera, Web Camera for Computer Child Video Recorder Camera Full HD 1080P Handy Portable Camera 2.0 Screen, with Inbuilt Games for Kids (Pink) BB15]]>
    </line>
    <line>
      <![CDATA[FTS PARFACT EYE Digital Voice Recorder MP3 Player LCD Screen Audio Recording Rechargeable AC1513]]>
    </line>
    <line>
      <![CDATA[KZLYNN Digital Voice Recorder MP3 Player LCD Screen Audio Sound Recording Rechargeable Support 64GB Card Hidden Voice Activated Recorder]]>
    </line>
    <line>
      <![CDATA[Etzin Hdmi Capture Card with 4K 1080P 60FPS Game Capture Card with USB 3.0 Screen Recorder with Dual Screen Mode USB Capture Device for Nintendo Switch|Xbox One|PS4|3ds|PC]]>
    </line>
    <line>
      <![CDATA[HD Plus Video Capture, Full HD Surgery Recorder with Screen Compatible with Storz, Stryker, Maxer, Wolf and All Type HD Medical Camera.]]>
    </line>
    <line>
      <![CDATA[Browser is closed]]>
    </line>
  </reporter-output>
  <suite started-at="2021-09-25T19:51:56 IST" name="OrangeTestcase" finished-at="2021-09-25T19:53:43 IST" duration-ms="107847">
    <groups>
    </groups>
    <test started-at="2021-09-25T19:51:56 IST" name="OrangeTest_01" finished-at="2021-09-25T19:53:43 IST" duration-ms="107847">
      <class name="com.qa.testscripts.TC_AmazonSearch_01">
        <test-method is-config="true" signature="setup(java.lang.String,java.lang.String)[pri:0, instance:com.qa.testscripts.TC_AmazonSearch_01@67d48005]" started-at="2021-09-25T19:51:56 IST" name="setup" finished-at="2021-09-25T19:52:55 IST" duration-ms="59379" status="PASS">
          <params>
            <param index="0">
              <value>
                <![CDATA[GoogleChrome]]>
              </value>
            </param>
            <param index="1">
              <value>
                <![CDATA[https://amazon.in/]]>
              </value>
            </param>
          </params>
          <reporter-output>
          </reporter-output>
        </test-method> <!-- setup -->
        <test-method signature="SearchItem(java.lang.String,java.lang.String)[pri:0, instance:com.qa.testscripts.TC_AmazonSearch_01@67d48005]" started-at="2021-09-25T19:52:56 IST" name="SearchItem" data-provider="BooksProvider" finished-at="2021-09-25T19:53:08 IST" duration-ms="11973" status="PASS">
          <params>
            <param index="0">
              <value>
                <![CDATA[Books]]>
              </value>
            </param>
            <param index="1">
              <value>
                <![CDATA[Vikings]]>
              </value>
            </param>
          </params>
          <reporter-output>
            <line>
              <![CDATA[Vikingsis searched]]>
            </line>
            <line>
              <![CDATA[The Viking World (Routledge Worlds)]]>
            </line>
            <line>
              <![CDATA[A Brief History of the Vikings (Brief Histories)]]>
            </line>
            <line>
              <![CDATA[Viking: A historical fiction adventure (Viking Ventures Book 1)]]>
            </line>
            <line>
              <![CDATA[Viking Blood and Blade]]>
            </line>
            <line>
              <![CDATA[The Viking Saga (A Puffin Book)]]>
            </line>
            <line>
              <![CDATA[Vicious Vikings (Horrible Histories)]]>
            </line>
            <line>
              <![CDATA[The Saxons and Vikings (History of Britain S.)]]>
            </line>
            <line>
              <![CDATA[The Pirate Bride: 11 (Viking I)]]>
            </line>
            <line>
              <![CDATA[Viking Economics: How the Scandinavians Got It Right-and How We Can, Too]]>
            </line>
            <line>
              <![CDATA[The Invention of Russia: From Gorbachev's Freedom to Putin's War]]>
            </line>
            <line>
              <![CDATA[The Vikings: Voyagers of Discovery and Plunder (General Military)]]>
            </line>
            <line>
              <![CDATA[Vikings: A Nonfiction Companion to Magic Tree House #15: Viking Ships at Sunrise: 33 (Magic Tree House (R) Fact Tracker)]]>
            </line>
            <line>
              <![CDATA[NORSE MYTHOLOGY: The Viking History Explained Simply. Fascinating Timeless Tales of Treasure and Magic, Ice Giants and Dwarves who have Inspired so much Modern Fiction]]>
            </line>
            <line>
              <![CDATA[Viking Raid: A Robert Fairchild Novel]]>
            </line>
            <line>
              <![CDATA[Viking Ships at Sunrise: 15 (Magic Tree House (R))]]>
            </line>
            <line>
              <![CDATA[ASTERIX AND THE VIKINGS : THE BOOK OF THE FILM]]>
            </line>
            <line>
              <![CDATA[The Treasure of the Viking Ship (Thea Stilton)]]>
            </line>
            <line>
              <![CDATA[Magic Tree House : Voyage of the Vikings]]>
            </line>
            <line>
              <![CDATA[Loki Ascending: 3 (Viking Warriors)]]>
            </line>
            <line>
              <![CDATA[Viking Town (Spectacular Visual Guides)]]>
            </line>
          </reporter-output>
        </test-method> <!-- SearchItem -->
        <test-method signature="SearchItem(java.lang.String,java.lang.String)[pri:0, instance:com.qa.testscripts.TC_AmazonSearch_01@67d48005]" started-at="2021-09-25T19:53:08 IST" name="SearchItem" data-provider="BooksProvider" finished-at="2021-09-25T19:53:20 IST" duration-ms="11377" status="PASS">
          <params>
            <param index="0">
              <value>
                <![CDATA[Books]]>
              </value>
            </param>
            <param index="1">
              <value>
                <![CDATA[Da vinci code]]>
              </value>
            </param>
          </params>
          <reporter-output>
            <line>
              <![CDATA[Da vinci codeis searched]]>
            </line>
            <line>
              <![CDATA[The Mozart Conspiracy: Book 2 (Ben Hope)]]>
            </line>
            <line>
              <![CDATA[Attitude Is Everything: Change Your Attitude ... Change Your Life!]]>
            </line>
            <line>
              <![CDATA[The Da Vinci Code: (Robert Langdon Book 2)]]>
            </line>
            <line>
              <![CDATA[The Da Vinci Code (Abridged Edition)]]>
            </line>
            <line>
              <![CDATA[The Da Vinci Code]]>
            </line>
            <line>
              <![CDATA[DA VINCI CODE]]>
            </line>
            <line>
              <![CDATA[The Da Vinci Code: A Novel: 2 (Robert Langdon)]]>
            </line>
            <line>
              <![CDATA[The Da Vinci Code]]>
            </line>
            <line>
              <![CDATA[Davinci Code]]>
            </line>
            <line>
              <![CDATA[Cracking the Da Vinci Code: The Unauthorized Guide to the Facts Behind the Fiction]]>
            </line>
            <line>
              <![CDATA[The Complete Novels of Sherlock Holmes]]>
            </line>
            <line>
              <![CDATA[Namaha - Stories From The Land Of Gods And Goddesses: Illustrated Stories Hardcover Edition Special Print]]>
            </line>
            <line>
              <![CDATA[The da Vinci code]]>
            </line>
            <line>
              <![CDATA[Beyond Da Vinci Code: Pt. 3: Toward the Social Rejuvenation of Humankind, Understanding the Prevailing Capitalism as a Cult of Anti-christianity ... Capitalism as a Cult of Anti-christianity)]]>
            </line>
            <line>
              <![CDATA[Beyond Da Vinci Code: Pt. 2: Toward the Social Rejuvenation of Humankind, Understanding the Prevailing Capitalism as a Cult of Anti-christianity ... Capitalism as a Cult of Anti-christianity)]]>
            </line>
            <line>
              <![CDATA[Angels and Demons + The Da Vinci Code]]>
            </line>
            <line>
              <![CDATA[The Robert Langdon Collection by Dan Brown: Inferno/The Lost Symbol/The Da Vinci Code/Angels & Demons]]>
            </line>
            <line>
              <![CDATA[The Da Vinci Code: (Robert Langdon Book 2)+Angels and Demons: (Robert Langdon Book 1)+Deception Point(Set of 3books)]]>
            </line>
            <line>
              <![CDATA[Robert Langdon Series Collection 7 Books Set By Dan Brown (Angels And Demons, The Da Vinci Code, The Lost Symbol, Inferno, Origin, Digital Fortress, Deception Point)]]>
            </line>
            <line>
              <![CDATA[The Da Vinci Code: (Robert Langdon Book 2)+Digital Fortress(Set of 2books)]]>
            </line>
            <line>
              <![CDATA[World’s Greatest Classics (Box Set of 4 Books)]]>
            </line>
            <line>
              <![CDATA[1984 (Deluxe Hardbound Edition)]]>
            </line>
          </reporter-output>
        </test-method> <!-- SearchItem -->
        <test-method signature="SearchItem(java.lang.String,java.lang.String)[pri:0, instance:com.qa.testscripts.TC_AmazonSearch_01@67d48005]" started-at="2021-09-25T19:53:20 IST" name="SearchItem" data-provider="BooksProvider" finished-at="2021-09-25T19:53:31 IST" duration-ms="11002" status="PASS">
          <params>
            <param index="0">
              <value>
                <![CDATA[Electronics]]>
              </value>
            </param>
            <param index="1">
              <value>
                <![CDATA[Modem]]>
              </value>
            </param>
          </params>
          <reporter-output>
            <line>
              <![CDATA[Modemis searched]]>
            </line>
            <line>
              <![CDATA[TP-Link TL-WA801N 300 Mbps Wireless N Access Point, Multi-SSID Mode, Supports Passive PoE, Two Fixed Antennas]]>
            </line>
            <line>
              <![CDATA[PowerFills Pro - 12V,2A and 9V,2A Dual Voltage UPS for WiFi Router, Broadband Modem, CCTV]]>
            </line>
            <line>
              <![CDATA[TP-LINK TD-W8961N Wireless N300 ADSL2+ Wi-Fi Modem Router, 2x 5dBi Omni directional Fixed antennas, Input ISPs supported- BSNL, MTNL, Tata Indicom (RJ-11 Port)]]>
            </line>
            <line>
              <![CDATA[TP-Link Archer AC1200 Archer C6 Wi-Fi Speed Up to 867 Mbps/5 GHz + 300 Mbps/2.4 GHz, 5 Gigabit Ports, 4 External Antennas and 1 Internal Antenna WiFi Coverage with Access Point Mode, Qualcomm Chipset]]>
            </line>
            <line>
              <![CDATA[TP-Link Archer C50 AC1200 Dual Band Wireless Cable Router, Wi-Fi Speed Up to 867 Mbps/5 GHz + 300 Mbps/2.4 GHz, Supports Parental Control, Guest Wi-Fi, VPN]]>
            </line>
            <line>
              <![CDATA[Netlink WiFi Modem Dual Antenna with Voice GPON/EPON HG323RGW ONT This ONU is Compatible for BSNL ftth 300 Mbps Wireless Speed 1GE+1FE+1POTS+WiFi]]>
            </line>
            <line>
              <![CDATA[Airtel AMF-311WW Data Card (Black), 4g Hotspot Support with 2300 Mah Battery]]>
            </line>
            <line>
              <![CDATA[Artis AR-MINIDC-3 Mini UPS for WiFi Router/Modem/CCTV/Set top Box/POE Devices. 8800mAh Battery. Supports 9V/12V-1A/1.5A/2A Routers. USB Port Phone Charging.Battery Level Indicator. BIS Certified]]>
            </line>
            <line>
              <![CDATA[D-Link DIR-650IN Wireless N300 Router with 4 Antennas, Router |AP | Repeater | Client | WISP Client/Repeater Modes]]>
            </line>
            <line>
              <![CDATA[PowerFills Pro - 12V,2A and 9V,2A Dual Voltage UPS for WiFi Router, Broadband Modem, CCTV]]>
            </line>
            <line>
              <![CDATA[Enter USB Modem Tri Band 150Mbps 4G LTE Dongle, Stick Data Card 2G/3G/4G All Sim Support]]>
            </line>
            <line>
              <![CDATA[TP-LINK TL-WN821N 300 MBPS WiFi WI-FI Wireless N USB Adapter, MIMO Technology, WPS Button, Supports Windows 10/8.1/8/7/XP, Mac OS, Linux, Easy Setup]]>
            </line>
            <line>
              <![CDATA[Cuzor Mini UPS for 12V 2.5A Wi-Fi Router and Modem | Replaceable Battery | Power Backup up to 4 Hours | Supports UP to 2.5a| Jio and Airtel Xtreme Compatible]]>
            </line>
            <line>
              <![CDATA[STORME RouterBuddy 12V UPS for WiFi Routers and Broadband Modem (12V=1A) - Not for Jio/Nokia Routers or 12V-1.5A / 12V-2A Routers]]>
            </line>
            <line>
              <![CDATA[Coconut WUD04 4G Dongle with All sim Support | 4g Data Card with WiFi Hotspot | Fast 4g WiFi dongle]]>
            </line>
            <line>
              <![CDATA[Zebronics ZEB-CU5013 Portable CFL UPS(Black)]]>
            </line>
            <line>
              <![CDATA[TechSuprem 12V 1Amp Dual Pin DC Power Adapter, 120W Charger for SMPS, CCTV Camera, Wi-Fi, Modem, TV, Led Lights - (Input:100-240V 50/60Hz, Output:12 Volt 1 Amps) (Set of 1)]]>
            </line>
            <line>
              <![CDATA[Cuzor Mini UPS for 12V Wi-Fi Router and Modem | Replaceable Battery | Power Backup up to 4 Hours | Supports All (12V-2A) (12V-1.5A)(12V-1A) | Auto Cut Off Support]]>
            </line>
            <line>
              <![CDATA[Tenda AC10 AC1200 Wireless Smart Dual-Band Gigabit WiFi Router, MU-MIMO, 4 Gigabit Ports, 867Mbps/5 GHz+ 300Mbps /2.4GHz, Support VPN Server, WiFi Schedule, (Black, Not a Modem)]]>
            </line>
            <line>
              <![CDATA[Luminous LMU1202, 12V/25W, Micro DC UPS for WiFi Modem & Router, Power Backup & Protection]]>
            </line>
            <line>
              <![CDATA[D-Link DSL-2730U Wireless-N 150 ADSL2+ 4-Port Router (Black), Works with RJ-11(Telephone Line Internet) of BSNL & MTNL]]>
            </line>
            <line>
              <![CDATA[D-Link DIR-825 MU-MIMO Gigabit Wireless Router, Dual Band, 1200 Mbps Wi-Fi Speed, 5 Gigabit Port, 4 External Antenna, Router | Access Point |Repeater Mode]]>
            </line>
            <line>
              <![CDATA[Mi Smart Router 4C, 300 Mbps with 4 high-Performance Antenna & App Control]]>
            </line>
            <line>
              <![CDATA[TP-Link Archer C60 AC1350 Dual Band Wireless, Wi-Fi Speed Up to 867 Mbps/5 GHz + 300 Mbps/2.4 GHz, Supports Parental Control, Guest WiFi, MU-MIMO Router, Qualcomm Chipset]]>
            </line>
            <line>
              <![CDATA[D-Link DSL-2750U Wireless-N 300 ADSL2/2+ 4-Port Router , RJ-11 Internet port.(Works with Telephone Line of BSNL & MTNL)]]>
            </line>
            <line>
              <![CDATA[Tenda N301 Wireless-N300 Easy Setup Router (White, Not a Modem)]]>
            </line>
            <line>
              <![CDATA[SYROTECH NETWORKS LTD. EPON Optical Network Unit with 1 GE port]]>
            </line>
            <line>
              <![CDATA[Coconut WUD04 4G Dongle with All sim Support | 4g Data Card with WiFi Hotspot | Fast 4g WiFi dongle]]>
            </line>
            <line>
              <![CDATA[AmazonBasics DHMSA Adjustable Monitor Stand]]>
            </line>
            <line>
              <![CDATA[TP-LINK TL-PoE150S PoE Injector Adapter, IEEE 802.3af Compliant, up to 100 Meters (325 Feet),Gigabit -10/100/1000,Black]]>
            </line>
          </reporter-output>
        </test-method> <!-- SearchItem -->
        <test-method signature="SearchItem(java.lang.String,java.lang.String)[pri:0, instance:com.qa.testscripts.TC_AmazonSearch_01@67d48005]" started-at="2021-09-25T19:53:31 IST" name="SearchItem" data-provider="BooksProvider" finished-at="2021-09-25T19:53:43 IST" duration-ms="12439" status="PASS">
          <params>
            <param index="0">
              <value>
                <![CDATA[Software]]>
              </value>
            </param>
            <param index="1">
              <value>
                <![CDATA[screen recorder ]]>
              </value>
            </param>
          </params>
          <reporter-output>
            <line>
              <![CDATA[screen recorder is not searched]]>
            </line>
            <line>
              <![CDATA[Fast Screen Recorder - 1 PC, 1 Year (Email Delivery in 24 hours - No CD)]]>
            </line>
            <line>
              <![CDATA[Malnadkart.Online CyberLink Screen Recorder Deluxe 2021 Lifetime Value Free, [Software was Inside the 4 GB SD Card (Black) Worth of 285/-] Only SD Card Delivery (NO DVD/CD) - PC Full Software]]>
            </line>
            <line>
              <![CDATA[Malnadkart.Online Apowersoft Screen Recorder, Lifetime Value Free, [Software was Inside the 4GB Flash Micro SD Card (Black) - Worth of 285/-] Only SD Card Delivery (NO DVD/CD) - PC Full Software]]>
            </line>
            <line>
              <![CDATA[Tunes Screen Recorder Video & Audio Full HD (E-mail-Delivery No-CD-Rom)]]>
            </line>
            <line>
              <![CDATA[Fast Video Downloader - 1 PC, 1 Year (Email Delivery in 24 hours - No CD)]]>
            </line>
            <line>
              <![CDATA[Screen Recorder : best Screen Recorder with audio]]>
            </line>
            <line>
              <![CDATA[Screen Recorder]]>
            </line>
            <line>
              <![CDATA[Screen Recorder]]>
            </line>
            <line>
              <![CDATA[Screen Recorder]]>
            </line>
            <line>
              <![CDATA[Screen Recorder : Video Recorder 𝐰𝐢𝐭𝐡 𝐚𝐮𝐝𝐢𝐨, Screen Record,game recording no ADS No Watermark]]>
            </line>
            <line>
              <![CDATA[7SEVEN 4K HDMI Screen Capture Recorder for Laptop PC TV Set TOP Box DSLR Camcorder to Live SREAMING Gaming Teaching Video Conference Live Broadcasting Support USB 3.0 with Audio 3.5mm & HD Loop Out]]>
            </line>
            <line>
              <![CDATA[Abooza Portable 2.5 Inch Colorful Hd Screen Dvr Vehicle Camera Video Recorder]]>
            </line>
            <line>
              <![CDATA[7SEVEN 4K HDMI Screen Capture Recorder for Laptop PC TV Android Box Set TOP Box DSLR Camcorder to Live SREAMING Gaming Teaching Video Conference Live Broadcasting Support USB 3.0 with HD Loop Out]]>
            </line>
            <line>
              <![CDATA[Procus Iris Car Dash Camera, FHD 1080P, 2" LCD Screen Video Recorder, 120° Wide Angle Lens, G-Sensor, Motion Detector, Loop Recorder, Expandable Upto 32GB]]>
            </line>
            <line>
              <![CDATA[Apeman Car Dash Cam 1080P FHD DVR Car Driving Recorder 3-inch LCD Screen 170 Degree Wide Angle, G-Sensor, WDR, Parking Monitor, Loop Recording, Motion Detection]]>
            </line>
            <line>
              <![CDATA[SAFE CAMS D101 Full HD Car Driving Video Recorder with 3'' LCD Screen, 170 Degree Wide Angle Lens, G-Sensor and 32GB SD Card Now Included]]>
            </line>
            <line>
              <![CDATA[BLESSBE Kids Digital Camera, Web Camera for Computer Child Video Recorder Camera Full HD 1080P Handy Portable Camera 2.0 Screen, with Inbuilt Games for Kids (Pink) BB15]]>
            </line>
            <line>
              <![CDATA[FTS PARFACT EYE Digital Voice Recorder MP3 Player LCD Screen Audio Recording Rechargeable AC1513]]>
            </line>
            <line>
              <![CDATA[KZLYNN Digital Voice Recorder MP3 Player LCD Screen Audio Sound Recording Rechargeable Support 64GB Card Hidden Voice Activated Recorder]]>
            </line>
            <line>
              <![CDATA[Etzin Hdmi Capture Card with 4K 1080P 60FPS Game Capture Card with USB 3.0 Screen Recorder with Dual Screen Mode USB Capture Device for Nintendo Switch|Xbox One|PS4|3ds|PC]]>
            </line>
            <line>
              <![CDATA[HD Plus Video Capture, Full HD Surgery Recorder with Screen Compatible with Storz, Stryker, Maxer, Wolf and All Type HD Medical Camera.]]>
            </line>
          </reporter-output>
        </test-method> <!-- SearchItem -->
        <test-method is-config="true" signature="TearDown()[pri:0, instance:com.qa.testscripts.TC_AmazonSearch_01@67d48005]" started-at="2021-09-25T19:53:43 IST" name="TearDown" finished-at="2021-09-25T19:53:43 IST" duration-ms="181" status="PASS">
          <reporter-output>
            <line>
              <![CDATA[Browser is closed]]>
            </line>
          </reporter-output>
        </test-method> <!-- TearDown -->
      </class> <!-- com.qa.testscripts.TC_AmazonSearch_01 -->
    </test> <!-- OrangeTest_01 -->
  </suite> <!-- OrangeTestcase -->
</testng-results>
