<?xml version="1.0" encoding="UTF-8"?>
<!-- Generated by org.testng.reporters.JUnitXMLReporter -->
<testsuite ignored="0" hostname="RAJA" failures="0" tests="4" name="SampleRun" time="0.049" errors="0" timestamp="2021-08-19T12:33:09 IST">
  <testcase classname="com.qa.testscripts.TestOne" name="test1" time="0.006"/>
  <testcase classname="com.qa.testscripts.TestOne" name="test2" time="0.002"/>
  <testcase classname="com.qa.testscripts.TestTwo" name="test1" time="0.001"/>
  <testcase classname="com.qa.testscripts.TestTwo" name="test2" time="0.002"/>
</testsuite> <!-- SampleRun -->
